<?xml version="1.0" encoding="UTF-8"?>
<!-- Generated by org.testng.reporters.JUnitReportReporter -->
<testsuite hostname="CIN10145L" failures="0" tests="1" name="Running.CucumberTestRunner" time="11.850" errors="0" timestamp="2024-08-12T12:27:54 IST" skipped="0">
  <testcase classname="Running.CucumberTestRunner" name="runScenario" time="11.850"/>
  <system-out/>
</testsuite> <!-- Running.CucumberTestRunner -->
